<?xml version="1.0" encoding="UTF-8"?>
<testng-results skipped="0" failed="0" ignored="0" total="1" passed="1">
  <reporter-output>
  </reporter-output>
  <suite name="Suite" duration-ms="36517" started-at="2020-07-23T00:11:32Z" finished-at="2020-07-23T00:12:09Z">
    <groups>
    </groups>
    <test name="Test" duration-ms="36517" started-at="2020-07-23T00:11:32Z" finished-at="2020-07-23T00:12:09Z">
      <class name="com.ecommappv5.testCases.TC_AddCustomerTest_003">
        <test-method status="PASS" signature="setupMethod()[pri:0, instance:com.ecommappv5.testCases.TC_AddCustomerTest_003@55a561cf]" name="setupMethod" is-config="true" duration-ms="1421" started-at="2020-07-23T00:11:32Z" finished-at="2020-07-23T00:11:34Z">
          <reporter-output>
          </reporter-output>
        </test-method> <!-- setupMethod -->
        <test-method status="PASS" signature="addNewCustomer()[pri:0, instance:com.ecommappv5.testCases.TC_AddCustomerTest_003@55a561cf]" name="addNewCustomer" duration-ms="34982" started-at="2020-07-23T00:11:34Z" finished-at="2020-07-23T00:12:09Z">
          <reporter-output>
          </reporter-output>
        </test-method> <!-- addNewCustomer -->
        <test-method status="PASS" signature="closeDown()[pri:0, instance:com.ecommappv5.testCases.TC_AddCustomerTest_003@55a561cf]" name="closeDown" is-config="true" duration-ms="87" started-at="2020-07-23T00:12:09Z" finished-at="2020-07-23T00:12:09Z">
          <reporter-output>
          </reporter-output>
        </test-method> <!-- closeDown -->
      </class> <!-- com.ecommappv5.testCases.TC_AddCustomerTest_003 -->
    </test> <!-- Test -->
  </suite> <!-- Suite -->
</testng-results>
